  Renderer.cpp
C:\Users\user\OneDrive - 한국산업기술대학교\바탕 화면\셰이더\셰이더\GLSL_study\셰이더\SimpleGame\Renderer.cpp(71,59): warning C4244: '인수': 'GLuint'에서 'GLfloat'(으)로 변환하면서 데이터가 손실될 수 있습니다.
  (소스 파일 '/Renderer.cpp'을(를) 컴파일하는 중)
  
C:\Users\user\OneDrive - 한국산업기술대학교\바탕 화면\셰이더\셰이더\GLSL_study\셰이더\SimpleGame\Renderer.cpp(73,59): warning C4244: '인수': 'GLuint'에서 'GLfloat'(으)로 변환하면서 데이터가 손실될 수 있습니다.
  (소스 파일 '/Renderer.cpp'을(를) 컴파일하는 중)
  
C:\Users\user\OneDrive - 한국산업기술대학교\바탕 화면\셰이더\셰이더\GLSL_study\셰이더\SimpleGame\Renderer.cpp(162,24): warning C4267: '=': 'size_t'에서 'GLint'(으)로 변환하면서 데이터가 손실될 수 있습니다.
  (소스 파일 '/Renderer.cpp'을(를) 컴파일하는 중)
  
C:\Users\user\OneDrive - 한국산업기술대학교\바탕 화면\셰이더\셰이더\GLSL_study\셰이더\SimpleGame\Renderer.cpp(316,29): warning C4305: '초기화 중': 'double'에서 'float'(으)로 잘립니다.
  (소스 파일 '/Renderer.cpp'을(를) 컴파일하는 중)
  
C:\Users\user\OneDrive - 한국산업기술대학교\바탕 화면\셰이더\셰이더\GLSL_study\셰이더\SimpleGame\Renderer.cpp(547,28): warning C4305: '+=': 'double'에서 'float'(으)로 잘립니다.
  (소스 파일 '/Renderer.cpp'을(를) 컴파일하는 중)
  
C:\Users\user\OneDrive - 한국산업기술대학교\바탕 화면\셰이더\셰이더\GLSL_study\셰이더\SimpleGame\Renderer.cpp(573,28): warning C4305: '+=': 'double'에서 'float'(으)로 잘립니다.
  (소스 파일 '/Renderer.cpp'을(를) 컴파일하는 중)
  
C:\Users\user\OneDrive - 한국산업기술대학교\바탕 화면\셰이더\셰이더\GLSL_study\셰이더\SimpleGame\Renderer.cpp(639,29): warning C4305: '+=': 'double'에서 'float'(으)로 잘립니다.
  (소스 파일 '/Renderer.cpp'을(를) 컴파일하는 중)
  
C:\Users\user\OneDrive - 한국산업기술대학교\바탕 화면\셰이더\셰이더\GLSL_study\셰이더\SimpleGame\Renderer.cpp(666,28): warning C4305: '+=': 'double'에서 'float'(으)로 잘립니다.
  (소스 파일 '/Renderer.cpp'을(를) 컴파일하는 중)
  
C:\Users\user\OneDrive - 한국산업기술대학교\바탕 화면\셰이더\셰이더\GLSL_study\셰이더\SimpleGame\Renderer.cpp(684,25): warning C4244: '인수': 'GLuint'에서 'GLfloat'(으)로 변환하면서 데이터가 손실될 수 있습니다.
  (소스 파일 '/Renderer.cpp'을(를) 컴파일하는 중)
  
C:\Users\user\OneDrive - 한국산업기술대학교\바탕 화면\셰이더\셰이더\GLSL_study\셰이더\SimpleGame\Renderer.cpp(685,31): warning C4244: '+=': 'double'에서 'GLuint'(으)로 변환하면서 데이터가 손실될 수 있습니다.
  (소스 파일 '/Renderer.cpp'을(를) 컴파일하는 중)
  
  SimpleGame.vcxproj -> C:\Users\user\OneDrive - 한국산업기술대학교\바탕 화면\셰이더\셰이더\GLSL_study\셰이더\x64\Debug\SimpleGame.exe
